c:\users\pc\desktop\c언어\연습문제\연습문제\debug\vc142.pdb
c:\users\pc\desktop\c언어\연습문제\연습문제\debug\vc142.idb
c:\users\pc\desktop\c언어\연습문제\연습문제\debug\p63.obj
c:\users\pc\desktop\c언어\연습문제\연습문제\debug\p84,3번.obj
c:\users\pc\desktop\c언어\연습문제\연습문제\debug\p84,5번.obj
c:\users\pc\desktop\c언어\연습문제\연습문제\debug\p93,3번.obj
c:\users\pc\desktop\c언어\연습문제\연습문제\debug\p93,4번.obj
c:\users\pc\desktop\c언어\연습문제\연습문제\debug\p93,5번.obj
c:\users\pc\desktop\c언어\연습문제\연습문제\debug\p111,1번.obj
c:\users\pc\desktop\c언어\연습문제\연습문제\debug\p111,2번.obj
c:\users\pc\desktop\c언어\연습문제\연습문제\debug\p111,3번.obj
c:\users\pc\desktop\c언어\연습문제\연습문제\debug\p111,4번.obj
c:\users\pc\desktop\c언어\연습문제\연습문제\debug\p111,5번.obj
c:\users\pc\desktop\c언어\연습문제\연습문제\debug\p129,1번.obj
c:\users\pc\desktop\c언어\연습문제\연습문제\debug\p129,2번.obj
c:\users\pc\desktop\c언어\연습문제\연습문제\debug\p129,3번.obj
c:\users\pc\desktop\c언어\연습문제\연습문제\debug\p129,5번.obj
c:\users\pc\desktop\c언어\연습문제\debug\연습문제.exe
c:\users\pc\desktop\c언어\연습문제\연습문제\debug\연습문제.ilk
c:\users\pc\desktop\c언어\연습문제\debug\연습문제.pdb
c:\users\pc\desktop\c언어\연습문제\연습문제\debug\129,5번.obj
c:\users\pc\desktop\c언어\연습문제\연습문제\debug\p129,2번.obj.enc
c:\users\pc\desktop\c언어\연습문제\연습문제\debug\p84,5번.obj.enc
c:\users\pc\desktop\c언어\연습문제\연습문제\debug\p93,5번.obj.enc
c:\users\pc\desktop\c언어\연습문제\연습문제\debug\연습문제.tlog\cl.command.1.tlog
c:\users\pc\desktop\c언어\연습문제\연습문제\debug\연습문제.tlog\cl.read.1.tlog
c:\users\pc\desktop\c언어\연습문제\연습문제\debug\연습문제.tlog\cl.write.1.tlog
c:\users\pc\desktop\c언어\연습문제\연습문제\debug\연습문제.tlog\link.command.1.tlog
c:\users\pc\desktop\c언어\연습문제\연습문제\debug\연습문제.tlog\link.read.1.tlog
c:\users\pc\desktop\c언어\연습문제\연습문제\debug\연습문제.tlog\link.write.1.tlog
